<?xml version="1.0" encoding="UTF-8"?>
<testng-results ignored="0" total="1" passed="1" failed="0" skipped="0">
  <reporter-output>
  </reporter-output>
  <suite started-at="2024-02-06T11:31:18 IST" name="Suite" finished-at="2024-02-06T11:31:37 IST" duration-ms="18921">
    <groups>
    </groups>
    <test started-at="2024-02-06T11:31:18 IST" name="Test" finished-at="2024-02-06T11:31:37 IST" duration-ms="18921">
      <class name="testCases.TC_001">
        <test-method is-config="true" signature="setup(java.lang.String)[pri:0, instance:testCases.TC_001@5bda8e08]" started-at="2024-02-06T11:31:18 IST" name="setup" finished-at="2024-02-06T11:31:29 IST" duration-ms="10513" status="PASS">
          <params>
            <param index="0">
              <value>
                <![CDATA[chrome]]>
              </value>
            </param>
          </params>
          <reporter-output>
          </reporter-output>
        </test-method> <!-- setup -->
        <test-method signature="CreateAccount()[pri:0, instance:testCases.TC_001@5bda8e08]" started-at="2024-02-06T11:31:29 IST" name="CreateAccount" finished-at="2024-02-06T11:31:36 IST" duration-ms="7226" status="PASS">
          <reporter-output>
          </reporter-output>
        </test-method> <!-- CreateAccount -->
        <test-method is-config="true" signature="close()[pri:0, instance:testCases.TC_001@5bda8e08]" started-at="2024-02-06T11:31:36 IST" name="close" finished-at="2024-02-06T11:31:37 IST" duration-ms="395" status="PASS">
          <reporter-output>
          </reporter-output>
        </test-method> <!-- close -->
      </class> <!-- testCases.TC_001 -->
    </test> <!-- Test -->
  </suite> <!-- Suite -->
</testng-results>
